<?xml version="1.0" encoding="UTF-8"?>
<!-- Generated by org.testng.reporters.JUnitReportReporter -->
<testsuite name="testcases.TestNG_TestCase1009" tests="1" time="14.079" ignored="0" failures="0" timestamp="04 May 2018 20:56:43 GMT" skipped="0" hostname="Mark-HP" errors="0">
  <testcase name="TestCase1009_Test" time="14.079" classname="testcases.TestNG_TestCase1009"/>
</testsuite> <!-- testcases.TestNG_TestCase1009 -->
