<?xml version="1.0" encoding="UTF-8"?>
<!-- Generated by org.testng.reporters.JUnitReportReporter -->
<testsuite name="testcases.TestNG_TestCase374" tests="1" time="25.765" ignored="0" failures="0" timestamp="07 May 2018 13:56:17 GMT" skipped="0" hostname="Mark-HP" errors="0">
  <testcase name="TestCase374_Test" time="25.765" classname="testcases.TestNG_TestCase374"/>
</testsuite> <!-- testcases.TestNG_TestCase374 -->
