<?xml version="1.0" encoding="UTF-8"?>
<!-- Generated by org.testng.reporters.JUnitReportReporter -->
<testsuite name="testcases.TestNG_TestCase374" tests="1" time="24.808" ignored="0" failures="0" timestamp="06 May 2018 22:21:41 GMT" skipped="0" hostname="Mark-HP" errors="0">
  <testcase name="TestCase374_Test" time="24.808" classname="testcases.TestNG_TestCase374"/>
</testsuite> <!-- testcases.TestNG_TestCase374 -->
