<?xml version="1.0" encoding="UTF-8"?>
<!-- Generated by org.testng.reporters.JUnitReportReporter -->
<testsuite name="testcases.TestNG_TestCase14" tests="1" time="14.688" ignored="0" failures="0" timestamp="07 May 2018 18:38:27 GMT" skipped="0" hostname="Mark-HP" errors="0">
  <testcase name="TestCase14_Test" time="14.688" classname="testcases.TestNG_TestCase14"/>
</testsuite> <!-- testcases.TestNG_TestCase14 -->
