<?xml version="1.0" encoding="UTF-8"?>
<!-- Generated by org.testng.reporters.JUnitReportReporter -->
<testsuite name="testcases.TestNG_TestCase731" tests="1" time="10.565" ignored="0" failures="0" timestamp="06 May 2018 22:21:41 GMT" skipped="0" hostname="Mark-HP" errors="0">
  <testcase name="TestCase731_Test" time="10.565" classname="testcases.TestNG_TestCase731"/>
</testsuite> <!-- testcases.TestNG_TestCase731 -->
