<?xml version="1.0" encoding="UTF-8"?>
<!-- Generated by org.testng.reporters.JUnitReportReporter -->
<testsuite name="testcases.TestNG_TestCase834" tests="1" time="42.688" ignored="0" failures="0" timestamp="06 May 2018 22:21:41 GMT" skipped="0" hostname="Mark-HP" errors="0">
  <testcase name="TestCase834_Test" time="42.688" classname="testcases.TestNG_TestCase834"/>
</testsuite> <!-- testcases.TestNG_TestCase834 -->
