<?xml version="1.0" encoding="UTF-8"?>
<!-- Generated by org.testng.reporters.JUnitReportReporter -->
<testsuite name="testcases.TestNG_TestCase834" tests="1" time="38.080" ignored="0" failures="0" timestamp="07 May 2018 02:29:08 GMT" skipped="0" hostname="Mark-HP" errors="0">
  <testcase name="TestCase834_Test" time="38.080" classname="testcases.TestNG_TestCase834"/>
</testsuite> <!-- testcases.TestNG_TestCase834 -->
