<?xml version="1.0" encoding="UTF-8"?>
<!-- Generated by org.testng.reporters.JUnitReportReporter -->
<testsuite name="testcases.TestNG_TestCase731" tests="1" time="13.298" ignored="0" failures="0" timestamp="07 May 2018 13:04:34 GMT" skipped="0" hostname="Mark-HP" errors="0">
  <testcase name="TestCase731_Test" time="13.298" classname="testcases.TestNG_TestCase731"/>
</testsuite> <!-- testcases.TestNG_TestCase731 -->
